DEBUG:root:Namespace(cros=0.41, datfile='c52-4.dat', mut=0.7, pop=254, verbose=True)
DEBUG:root:Start of evolution
DEBUG:root:  Evaluated 254 individuals
DEBUG:root:
-- Generation 0 --
DEBUG:root:  Evaluated 211 individuals
DEBUG:root:
-- Generation 1 --
DEBUG:root:  Evaluated 208 individuals
DEBUG:root:
-- Generation 2 --
DEBUG:root:  Evaluated 208 individuals
DEBUG:root:
-- Generation 3 --
DEBUG:root:  Evaluated 207 individuals
DEBUG:root:
-- Generation 4 --
DEBUG:root:  Evaluated 212 individuals
DEBUG:root:
-- Generation 5 --
DEBUG:root:  Evaluated 209 individuals
DEBUG:root:
-- Generation 6 --
DEBUG:root:  Evaluated 202 individuals
DEBUG:root:
-- Generation 7 --
DEBUG:root:  Evaluated 208 individuals
DEBUG:root:
-- Generation 8 --
DEBUG:root:  Evaluated 215 individuals
DEBUG:root:
-- Generation 9 --
DEBUG:root:  Evaluated 207 individuals
DEBUG:root:
-- Generation 10 --
DEBUG:root:  Evaluated 207 individuals
DEBUG:root:
-- Generation 11 --
DEBUG:root:  Evaluated 211 individuals
DEBUG:root:
-- Generation 12 --
DEBUG:root:  Evaluated 213 individuals
DEBUG:root:
-- Generation 13 --
DEBUG:root:  Evaluated 201 individuals
DEBUG:root:
-- Generation 14 --
DEBUG:root:  Evaluated 198 individuals
DEBUG:root:
-- Generation 15 --
DEBUG:root:  Evaluated 205 individuals
DEBUG:root:
-- Generation 16 --
DEBUG:root:  Evaluated 207 individuals
DEBUG:root:
-- Generation 17 --
DEBUG:root:  Evaluated 216 individuals
DEBUG:root:
-- Generation 18 --
DEBUG:root:  Evaluated 210 individuals
DEBUG:root:
-- Generation 19 --
DEBUG:root:  Evaluated 216 individuals
DEBUG:root:
-- Generation 20 --
DEBUG:root:  Evaluated 205 individuals
DEBUG:root:
-- Generation 21 --
DEBUG:root:  Evaluated 212 individuals
DEBUG:root:
-- Generation 22 --
DEBUG:root:  Evaluated 199 individuals
DEBUG:root:
-- Generation 23 --
DEBUG:root:  Evaluated 216 individuals
DEBUG:root:
-- Generation 24 --
DEBUG:root:  Evaluated 209 individuals
DEBUG:root:
-- Generation 25 --
DEBUG:root:  Evaluated 205 individuals
DEBUG:root:
-- Generation 26 --
DEBUG:root:  Evaluated 214 individuals
DEBUG:root:
-- Generation 27 --
DEBUG:root:  Evaluated 198 individuals
DEBUG:root:
-- Generation 28 --
DEBUG:root:  Evaluated 216 individuals
DEBUG:root:
-- Generation 29 --
DEBUG:root:  Evaluated 216 individuals
DEBUG:root:
-- Generation 30 --
DEBUG:root:  Evaluated 207 individuals
DEBUG:root:
-- Generation 31 --
DEBUG:root:  Evaluated 215 individuals
DEBUG:root:
-- Generation 32 --
DEBUG:root:  Evaluated 206 individuals
DEBUG:root:
-- Generation 33 --
DEBUG:root:  Evaluated 201 individuals
DEBUG:root:
-- Generation 34 --
DEBUG:root:  Evaluated 213 individuals
DEBUG:root:
-- Generation 35 --
DEBUG:root:  Evaluated 198 individuals
DEBUG:root:
-- Generation 36 --
DEBUG:root:  Evaluated 209 individuals
DEBUG:root:
-- Generation 37 --
DEBUG:root:  Evaluated 217 individuals
DEBUG:root:
-- Generation 38 --
DEBUG:root:  Evaluated 205 individuals
DEBUG:root:
-- Generation 39 --
DEBUG:root:  Evaluated 220 individuals
DEBUG:root:
-- Generation 40 --
DEBUG:root:  Evaluated 215 individuals
DEBUG:root:
-- Generation 41 --
DEBUG:root:  Evaluated 211 individuals
DEBUG:root:
-- Generation 42 --
DEBUG:root:  Evaluated 210 individuals
DEBUG:root:
-- Generation 43 --
DEBUG:root:  Evaluated 208 individuals
DEBUG:root:
-- Generation 44 --
DEBUG:root:  Evaluated 208 individuals
DEBUG:root:
-- Generation 45 --
DEBUG:root:  Evaluated 213 individuals
DEBUG:root:
-- Generation 46 --
DEBUG:root:  Evaluated 199 individuals
DEBUG:root:
-- Generation 47 --
DEBUG:root:  Evaluated 212 individuals
DEBUG:root:
-- Generation 48 --
DEBUG:root:  Evaluated 195 individuals
DEBUG:root:
-- Generation 49 --
DEBUG:root:  Evaluated 208 individuals
DEBUG:root:
-- Generation 50 --
DEBUG:root:  Evaluated 216 individuals
DEBUG:root:
-- Generation 51 --
DEBUG:root:  Evaluated 203 individuals
DEBUG:root:
-- Generation 52 --
DEBUG:root:  Evaluated 208 individuals
DEBUG:root:
-- Generation 53 --
DEBUG:root:  Evaluated 197 individuals
DEBUG:root:
-- Generation 54 --
DEBUG:root:  Evaluated 209 individuals
DEBUG:root:
-- Generation 55 --
DEBUG:root:  Evaluated 205 individuals
DEBUG:root:
-- Generation 56 --
DEBUG:root:  Evaluated 209 individuals
DEBUG:root:
-- Generation 57 --
DEBUG:root:  Evaluated 197 individuals
DEBUG:root:
-- Generation 58 --
DEBUG:root:  Evaluated 209 individuals
DEBUG:root:
-- Generation 59 --
DEBUG:root:  Evaluated 211 individuals
DEBUG:root:
-- Generation 60 --
DEBUG:root:  Evaluated 198 individuals
DEBUG:root:
-- Generation 61 --
DEBUG:root:  Evaluated 214 individuals
DEBUG:root:
-- Generation 62 --
DEBUG:root:  Evaluated 204 individuals
DEBUG:root:
-- Generation 63 --
DEBUG:root:  Evaluated 211 individuals
DEBUG:root:
-- Generation 64 --
DEBUG:root:  Evaluated 221 individuals
DEBUG:root:
-- Generation 65 --
DEBUG:root:  Evaluated 209 individuals
DEBUG:root:
-- Generation 66 --
DEBUG:root:  Evaluated 221 individuals
DEBUG:root:
-- Generation 67 --
DEBUG:root:  Evaluated 201 individuals
DEBUG:root:
-- Generation 68 --
DEBUG:root:  Evaluated 211 individuals
DEBUG:root:
-- Generation 69 --
DEBUG:root:  Evaluated 201 individuals
DEBUG:root:
-- Generation 70 --
DEBUG:root:  Evaluated 220 individuals
DEBUG:root:
-- Generation 71 --
DEBUG:root:  Evaluated 205 individuals
DEBUG:root:
-- Generation 72 --
DEBUG:root:  Evaluated 203 individuals
DEBUG:root:
-- Generation 73 --
DEBUG:root:  Evaluated 221 individuals
DEBUG:root:
-- Generation 74 --
DEBUG:root:  Evaluated 201 individuals
DEBUG:root:
-- Generation 75 --
DEBUG:root:  Evaluated 206 individuals
DEBUG:root:
-- Generation 76 --
DEBUG:root:  Evaluated 198 individuals
DEBUG:root:
-- Generation 77 --
DEBUG:root:  Evaluated 211 individuals
DEBUG:root:
-- Generation 78 --
DEBUG:root:  Evaluated 212 individuals
DEBUG:root:
-- Generation 79 --
DEBUG:root:  Evaluated 198 individuals
DEBUG:root:
-- Generation 80 --
DEBUG:root:  Evaluated 213 individuals
DEBUG:root:
-- Generation 81 --
DEBUG:root:  Evaluated 198 individuals
DEBUG:root:
-- Generation 82 --
DEBUG:root:  Evaluated 213 individuals
DEBUG:root:
-- Generation 83 --
DEBUG:root:  Evaluated 213 individuals
DEBUG:root:
-- Generation 84 --
DEBUG:root:  Evaluated 229 individuals
DEBUG:root:
-- Generation 85 --
DEBUG:root:  Evaluated 202 individuals
DEBUG:root:
-- Generation 86 --
DEBUG:root:  Evaluated 218 individuals
DEBUG:root:
-- Generation 87 --
DEBUG:root:  Evaluated 198 individuals
DEBUG:root:
-- Generation 88 --
DEBUG:root:  Evaluated 208 individuals
DEBUG:root:
-- Generation 89 --
DEBUG:root:  Evaluated 210 individuals
DEBUG:root:
-- Generation 90 --
DEBUG:root:  Evaluated 216 individuals
DEBUG:root:
-- Generation 91 --
DEBUG:root:  Evaluated 210 individuals
DEBUG:root:
-- Generation 92 --
DEBUG:root:  Evaluated 214 individuals
DEBUG:root:
-- Generation 93 --
DEBUG:root:  Evaluated 208 individuals
DEBUG:root:
-- Generation 94 --
DEBUG:root:  Evaluated 207 individuals
DEBUG:root:
-- Generation 95 --
DEBUG:root:  Evaluated 211 individuals
DEBUG:root:
-- Generation 96 --
DEBUG:root:  Evaluated 198 individuals
DEBUG:root:
-- Generation 97 --
DEBUG:root:  Evaluated 204 individuals
DEBUG:root:
-- Generation 98 --
DEBUG:root:  Evaluated 213 individuals
DEBUG:root:
-- Generation 99 --
DEBUG:root:  Evaluated 204 individuals
DEBUG:root:
-- Generation 100 --
DEBUG:root:  Evaluated 208 individuals
DEBUG:root:
-- Generation 101 --
DEBUG:root:  Evaluated 207 individuals
DEBUG:root:
-- Generation 102 --
DEBUG:root:  Evaluated 206 individuals
DEBUG:root:
-- Generation 103 --
DEBUG:root:  Evaluated 197 individuals
DEBUG:root:
-- Generation 104 --
DEBUG:root:  Evaluated 194 individuals
DEBUG:root:
-- Generation 105 --
DEBUG:root:  Evaluated 213 individuals
DEBUG:root:
-- Generation 106 --
DEBUG:root:  Evaluated 211 individuals
DEBUG:root:
-- Generation 107 --
DEBUG:root:  Evaluated 209 individuals
DEBUG:root:
-- Generation 108 --
DEBUG:root:  Evaluated 204 individuals
DEBUG:root:
-- Generation 109 --
DEBUG:root:  Evaluated 211 individuals
DEBUG:root:
-- Generation 110 --
DEBUG:root:  Evaluated 210 individuals
DEBUG:root:
-- Generation 111 --
DEBUG:root:  Evaluated 200 individuals
DEBUG:root:
-- Generation 112 --
DEBUG:root:  Evaluated 219 individuals
DEBUG:root:
-- Generation 113 --
DEBUG:root:  Evaluated 208 individuals
DEBUG:root:
-- Generation 114 --
DEBUG:root:  Evaluated 223 individuals
DEBUG:root:
-- Generation 115 --
DEBUG:root:  Evaluated 214 individuals
DEBUG:root:
-- Generation 116 --
DEBUG:root:  Evaluated 216 individuals
DEBUG:root:
-- Generation 117 --
DEBUG:root:  Evaluated 197 individuals
DEBUG:root:
-- Generation 118 --
DEBUG:root:  Evaluated 195 individuals
DEBUG:root:
-- Generation 119 --
DEBUG:root:  Evaluated 213 individuals
DEBUG:root:
-- Generation 120 --
DEBUG:root:  Evaluated 214 individuals
DEBUG:root:
-- Generation 121 --
DEBUG:root:  Evaluated 198 individuals
DEBUG:root:
-- Generation 122 --
DEBUG:root:  Evaluated 225 individuals
DEBUG:root:
-- Generation 123 --
DEBUG:root:  Evaluated 220 individuals
DEBUG:root:
-- Generation 124 --
DEBUG:root:  Evaluated 200 individuals
DEBUG:root:
-- Generation 125 --
DEBUG:root:  Evaluated 211 individuals
DEBUG:root:
-- Generation 126 --
DEBUG:root:  Evaluated 206 individuals
DEBUG:root:
-- Generation 127 --
DEBUG:root:  Evaluated 199 individuals
DEBUG:root:
-- Generation 128 --
DEBUG:root:  Evaluated 215 individuals
DEBUG:root:
-- Generation 129 --
DEBUG:root:  Evaluated 208 individuals
DEBUG:root:
-- Generation 130 --
DEBUG:root:  Evaluated 195 individuals
DEBUG:root:
-- Generation 131 --
DEBUG:root:  Evaluated 215 individuals
DEBUG:root:
-- Generation 132 --
DEBUG:root:  Evaluated 211 individuals
DEBUG:root:
-- Generation 133 --
DEBUG:root:  Evaluated 216 individuals
DEBUG:root:
-- Generation 134 --
Process ForkPoolWorker-2:
Traceback (most recent call last):
  File "/usr/lib/python3.6/multiprocessing/process.py", line 258, in _bootstrap
    self.run()
  File "/usr/lib/python3.6/multiprocessing/process.py", line 93, in run
    self._target(*self._args, **self._kwargs)
  File "/usr/lib/python3.6/multiprocessing/pool.py", line 108, in worker
    task = get()
  File "/usr/lib/python3.6/multiprocessing/queues.py", line 334, in get
    with self._rlock:
  File "/usr/lib/python3.6/multiprocessing/synchronize.py", line 96, in __enter__
    return self._semlock.__enter__()
KeyboardInterrupt
Process ForkPoolWorker-1:
Traceback (most recent call last):
  File "/usr/lib/python3.6/multiprocessing/process.py", line 258, in _bootstrap
    self.run()
  File "/usr/lib/python3.6/multiprocessing/process.py", line 93, in run
    self._target(*self._args, **self._kwargs)
  File "/usr/lib/python3.6/multiprocessing/pool.py", line 108, in worker
    task = get()
  File "/usr/lib/python3.6/multiprocessing/queues.py", line 335, in get
    res = self._reader.recv_bytes()
  File "/usr/lib/python3.6/multiprocessing/connection.py", line 216, in recv_bytes
    buf = self._recv_bytes(maxlength)
  File "/usr/lib/python3.6/multiprocessing/connection.py", line 407, in _recv_bytes
    buf = self._recv(4)
  File "/usr/lib/python3.6/multiprocessing/connection.py", line 379, in _recv
    chunk = read(handle, remaining)
KeyboardInterrupt
Traceback (most recent call last):
  File "../../main.py", line 229, in <module>
    main(args.pop, args.cros, args.mut, args.datfile)
  File "../../main.py", line 182, in main
    for ind, fit in zip(invalid_ind, fitnesses):
  File "../../main.py", line 75, in evalOneMax
    predictions, probas, score = evaluate(individual, X_cv, y_cv)
  File "../../main.py", line 69, in evaluate
    return run_classifier(select_features(columns, X_train), select_features(columns, _x_test), _y_test)
  File "../../main.py", line 44, in run_classifier
    model = clf.fit(_X_train, y_train)
  File "/usr/lib/python3/dist-packages/sklearn/tree/tree.py", line 790, in fit
    X_idx_sorted=X_idx_sorted)
  File "/usr/lib/python3/dist-packages/sklearn/tree/tree.py", line 362, in fit
    builder.build(self.tree_, X, y, sample_weight, X_idx_sorted)
KeyboardInterrupt
